<?xml version="1.0" encoding="UTF-8"?>
<coverage generated="1784565567180" clover="3.2.0">
  <project timestamp="1784565567180" name="All files">
    <metrics statements="8" coveredstatements="8" conditionals="12" coveredconditionals="12" methods="1" coveredmethods="1" elements="21" coveredelements="21" complexity="0" loc="8" ncloc="8" packages="2" files="2" classes="2"/>
    <package name="src">
      <metrics statements="7" coveredstatements="7" conditionals="12" coveredconditionals="12" methods="1" coveredmethods="1"/>
      <file name="print-correct-message.ts" path="C:\Users\Maxime\Code\test-cpam\src\print-correct-message.ts">
        <metrics statements="7" coveredstatements="7" conditionals="12" coveredconditionals="12" methods="1" coveredmethods="1"/>
        <line num="17" count="6456" type="cond" truecount="4" falsecount="0"/>
        <line num="18" count="1722" type="stmt"/>
        <line num="19" count="4734" type="cond" truecount="4" falsecount="0"/>
        <line num="20" count="861" type="stmt"/>
        <line num="21" count="3873" type="cond" truecount="4" falsecount="0"/>
        <line num="22" count="430" type="stmt"/>
        <line num="24" count="3443" type="stmt"/>
      </file>
    </package>
    <package name="types">
      <metrics statements="1" coveredstatements="1" conditionals="0" coveredconditionals="0" methods="0" coveredmethods="0"/>
      <file name="index.ts" path="C:\Users\Maxime\Code\test-cpam\types\index.ts">
        <metrics statements="1" coveredstatements="1" conditionals="0" coveredconditionals="0" methods="0" coveredmethods="0"/>
        <line num="1" count="1" type="stmt"/>
      </file>
    </package>
  </project>
</coverage>
