{"C:\\Users\\Maxime\\Code\\test-cpam\\src\\print-correct-message.ts": {"path":"C:\\Users\\Maxime\\Code\\test-cpam\\src\\print-correct-message.ts","statementMap":{"0":{"start":{"line":17,"column":2},"end":{"line":25,"column":null}},"1":{"start":{"line":18,"column":4},"end":{"line":18,"column":null}},"2":{"start":{"line":19,"column":9},"end":{"line":25,"column":null}},"3":{"start":{"line":20,"column":4},"end":{"line":20,"column":null}},"4":{"start":{"line":21,"column":9},"end":{"line":25,"column":null}},"5":{"start":{"line":22,"column":4},"end":{"line":22,"column":null}},"6":{"start":{"line":24,"column":4},"end":{"line":24,"column":null}}},"fnMap":{"0":{"name":"returnCorrectMessage","decl":{"start":{"line":14,"column":16},"end":{"line":14,"column":null}},"loc":{"start":{"line":16,"column":27},"end":{"line":26,"column":null}},"line":16}},"branchMap":{"0":{"loc":{"start":{"line":17,"column":2},"end":{"line":25,"column":null}},"type":"if","locations":[{"start":{"line":17,"column":2},"end":{"line":25,"column":null}},{"start":{"line":19,"column":9},"end":{"line":25,"column":null}}],"line":17},"1":{"loc":{"start":{"line":17,"column":6},"end":{"line":17,"column":58}},"type":"binary-expr","locations":[{"start":{"line":17,"column":6},"end":{"line":17,"column":33}},{"start":{"line":17,"column":33},"end":{"line":17,"column":58}}],"line":17},"2":{"loc":{"start":{"line":19,"column":9},"end":{"line":25,"column":null}},"type":"if","locations":[{"start":{"line":19,"column":9},"end":{"line":25,"column":null}},{"start":{"line":21,"column":9},"end":{"line":25,"column":null}}],"line":19},"3":{"loc":{"start":{"line":19,"column":13},"end":{"line":19,"column":65}},"type":"binary-expr","locations":[{"start":{"line":19,"column":13},"end":{"line":19,"column":40}},{"start":{"line":19,"column":40},"end":{"line":19,"column":65}}],"line":19},"4":{"loc":{"start":{"line":21,"column":9},"end":{"line":25,"column":null}},"type":"if","locations":[{"start":{"line":21,"column":9},"end":{"line":25,"column":null}},{"start":{"line":23,"column":9},"end":{"line":25,"column":null}}],"line":21},"5":{"loc":{"start":{"line":21,"column":13},"end":{"line":21,"column":65}},"type":"binary-expr","locations":[{"start":{"line":21,"column":13},"end":{"line":21,"column":40}},{"start":{"line":21,"column":40},"end":{"line":21,"column":65}}],"line":21}},"s":{"0":6456,"1":1722,"2":4734,"3":861,"4":3873,"5":430,"6":3443},"f":{"0":6456},"b":{"0":[1722,4734],"1":[6456,2152],"2":[861,3873],"3":[4734,1291],"4":[430,3443],"5":[3873,430]},"meta":{"lastBranch":6,"lastFunction":1,"lastStatement":7,"seen":{"f:14:16:14:Infinity":0,"b:17:2:25:Infinity:19:9:25:Infinity":0,"s:17:2:25:Infinity":0,"b:17:6:17:33:17:33:17:58":1,"s:18:4:18:Infinity":1,"b:19:9:25:Infinity:21:9:25:Infinity":2,"s:19:9:25:Infinity":2,"b:19:13:19:40:19:40:19:65":3,"s:20:4:20:Infinity":3,"b:21:9:25:Infinity:23:9:25:Infinity":4,"s:21:9:25:Infinity":4,"b:21:13:21:40:21:40:21:65":5,"s:22:4:22:Infinity":5,"s:24:4:24:Infinity":6},"fnNames":{}}}
,"C:\\Users\\Maxime\\Code\\test-cpam\\types\\index.ts": {"path":"C:\\Users\\Maxime\\Code\\test-cpam\\types\\index.ts","statementMap":{"0":{"start":{"line":1,"column":24},"end":{"line":5,"column":null}}},"fnMap":{},"branchMap":{},"s":{"0":1},"f":{},"b":{},"meta":{"lastBranch":0,"lastFunction":0,"lastStatement":1,"seen":{"s:1:24:5:Infinity":0},"fnNames":{}}}
}
